INFO  01:20:11,896 - #2 program
INFO  01:20:11,898 - #48 test302
INFO  01:20:11,898 - #10 const
INFO  01:20:11,899 - #48 int
INFO  01:20:11,899 - #48 jedan
INFO  01:20:11,900 - #21 =
INFO  01:20:11,900 - #47 1
INFO  01:20:11,900 - #23 ;
INFO  01:20:11,901 - #48 int
INFO  01:20:11,901 - #48 i
INFO  01:20:11,901 - #23 ;
INFO  01:20:11,902 - #48 bool
INFO  01:20:11,902 - #48 ibool
INFO  01:20:11,902 - #23 ;
INFO  01:20:11,902 - #48 int
INFO  01:20:11,902 - #48 niz
INFO  01:20:11,902 - #43 [
INFO  01:20:11,903 - #44 ]
INFO  01:20:11,903 - #23 ;
INFO  01:20:11,903 - #26 {
INFO  01:20:11,903 - #48 int
INFO  01:20:11,903 - #48 sum
INFO  01:20:11,903 - #24 (
INFO  01:20:11,903 - #48 int
INFO  01:20:11,903 - #48 z
INFO  01:20:11,904 - #22 ,
INFO  01:20:11,904 - #48 int
INFO  01:20:11,904 - #48 d
INFO  01:20:11,905 - #25 )
INFO  01:20:11,905 - #26 {
INFO  01:20:11,905 - #4 return
INFO  01:20:11,905 - #48 z
INFO  01:20:11,905 - #20 +
INFO  01:20:11,906 - #48 d
INFO  01:20:11,906 - #23 ;
INFO  01:20:11,907 - #27 }
INFO  01:20:11,907 - #48 int
INFO  01:20:11,907 - #48 inkrement
INFO  01:20:11,907 - #24 (
INFO  01:20:11,907 - #48 int
INFO  01:20:11,907 - #48 a
INFO  01:20:11,907 - #22 ,
INFO  01:20:11,907 - #48 int
INFO  01:20:11,907 - #48 inc
INFO  01:20:11,908 - #25 )
INFO  01:20:11,908 - #48 int
INFO  01:20:11,908 - #48 pom
INFO  01:20:11,908 - #23 ;
INFO  01:20:11,908 - #26 {
INFO  01:20:11,909 - #11 if
INFO  01:20:11,909 - #24 (
INFO  01:20:11,909 - #48 inc
INFO  01:20:11,909 - #32 ==
INFO  01:20:11,909 - #48 jedan
INFO  01:20:11,910 - #25 )
INFO  01:20:11,910 - #48 pom
INFO  01:20:11,911 - #21 =
INFO  01:20:11,911 - #47 1
INFO  01:20:11,911 - #23 ;
INFO  01:20:11,911 - #9 else
INFO  01:20:11,911 - #11 if
INFO  01:20:11,912 - #24 (
INFO  01:20:11,912 - #48 inc
INFO  01:20:11,912 - #32 ==
INFO  01:20:11,912 - #47 2
INFO  01:20:11,912 - #25 )
INFO  01:20:11,912 - #48 pom
INFO  01:20:11,912 - #21 =
INFO  01:20:11,912 - #48 a
INFO  01:20:11,912 - #23 ;
INFO  01:20:11,912 - #4 return
INFO  01:20:11,913 - #48 sum
INFO  01:20:11,913 - #24 (
INFO  01:20:11,913 - #48 a
INFO  01:20:11,913 - #22 ,
INFO  01:20:11,913 - #48 pom
INFO  01:20:11,914 - #25 )
INFO  01:20:11,914 - #23 ;
INFO  01:20:11,914 - #27 }
INFO  01:20:11,914 - #48 bool
INFO  01:20:11,914 - #48 verify
INFO  01:20:11,914 - #24 (
INFO  01:20:11,914 - #25 )
INFO  01:20:11,914 - #26 {
INFO  01:20:11,915 - #3 print
INFO  01:20:11,915 - #24 (
INFO  01:20:11,915 - #50 v
INFO  01:20:11,915 - #25 )
INFO  01:20:11,915 - #23 ;
INFO  01:20:11,915 - #4 return
INFO  01:20:11,915 - #49 false
INFO  01:20:11,915 - #23 ;
INFO  01:20:11,915 - #27 }
INFO  01:20:11,915 - #5 void
INFO  01:20:11,915 - #48 main
INFO  01:20:11,916 - #24 (
INFO  01:20:11,916 - #25 )
INFO  01:20:11,916 - #26 {
INFO  01:20:11,916 - #48 i
INFO  01:20:11,916 - #21 =
INFO  01:20:11,916 - #47 0
INFO  01:20:11,916 - #23 ;
INFO  01:20:11,916 - #13 do
INFO  01:20:11,916 - #26 {
INFO  01:20:11,916 - #11 if
INFO  01:20:11,916 - #24 (
INFO  01:20:11,916 - #48 i
INFO  01:20:11,917 - #32 ==
INFO  01:20:11,917 - #47 3
INFO  01:20:11,917 - #25 )
INFO  01:20:11,917 - #26 {
INFO  01:20:11,917 - #48 i
INFO  01:20:11,917 - #40 ++
INFO  01:20:11,917 - #23 ;
INFO  01:20:11,917 - #18 continue
INFO  01:20:11,917 - #23 ;
INFO  01:20:11,917 - #27 }
INFO  01:20:11,918 - #11 if
INFO  01:20:11,919 - #24 (
INFO  01:20:11,919 - #48 i
INFO  01:20:11,919 - #32 ==
INFO  01:20:11,919 - #47 4
INFO  01:20:11,919 - #25 )
INFO  01:20:11,919 - #6 break
INFO  01:20:11,919 - #23 ;
INFO  01:20:11,919 - #48 i
INFO  01:20:11,919 - #21 =
INFO  01:20:11,919 - #48 inkrement
INFO  01:20:11,920 - #24 (
INFO  01:20:11,920 - #48 i
INFO  01:20:11,920 - #22 ,
INFO  01:20:11,920 - #47 1
INFO  01:20:11,920 - #25 )
INFO  01:20:11,920 - #23 ;
INFO  01:20:11,920 - #27 }
INFO  01:20:11,920 - #14 while
INFO  01:20:11,920 - #24 (
INFO  01:20:11,920 - #48 i
INFO  01:20:11,920 - #36 <
INFO  01:20:11,920 - #47 10
INFO  01:20:11,921 - #25 )
INFO  01:20:11,921 - #23 ;
INFO  01:20:11,921 - #48 i
INFO  01:20:11,921 - #21 =
INFO  01:20:11,921 - #47 5
INFO  01:20:11,921 - #23 ;
INFO  01:20:11,921 - #27 }
INFO  01:20:11,921 - #27 }
INFO  01:44:14,318 - #2 program
INFO  01:44:14,318 - #48 test302
INFO  01:44:14,318 - #10 const
INFO  01:44:14,319 - #48 int
INFO  01:44:14,319 - #48 jedan
INFO  01:44:14,320 - #21 =
INFO  01:44:14,320 - #47 1
INFO  01:44:14,320 - #23 ;
INFO  01:44:14,320 - #48 int
INFO  01:44:14,321 - #48 i
INFO  01:44:14,321 - #23 ;
INFO  01:44:14,321 - #48 bool
INFO  01:44:14,321 - #48 ibool
INFO  01:44:14,321 - #23 ;
INFO  01:44:14,322 - #48 int
INFO  01:44:14,322 - #48 niz
INFO  01:44:14,322 - #43 [
INFO  01:44:14,322 - #44 ]
INFO  01:44:14,322 - #23 ;
INFO  01:44:14,322 - #26 {
INFO  01:44:14,322 - #48 int
INFO  01:44:14,322 - #48 sum
INFO  01:44:14,322 - #24 (
INFO  01:44:14,322 - #48 int
INFO  01:44:14,322 - #48 z
INFO  01:44:14,323 - #22 ,
INFO  01:44:14,323 - #48 int
INFO  01:44:14,323 - #48 d
INFO  01:44:14,323 - #25 )
INFO  01:44:14,323 - #26 {
INFO  01:44:14,323 - #4 return
INFO  01:44:14,324 - #48 z
INFO  01:44:14,324 - #20 +
INFO  01:44:14,324 - #48 d
INFO  01:44:14,324 - #23 ;
INFO  01:44:14,325 - #27 }
INFO  01:44:14,325 - #48 int
INFO  01:44:14,325 - #48 inkrement
INFO  01:44:14,325 - #24 (
INFO  01:44:14,325 - #48 int
INFO  01:44:14,325 - #48 a
INFO  01:44:14,325 - #22 ,
INFO  01:44:14,325 - #48 int
INFO  01:44:14,325 - #48 inc
INFO  01:44:14,325 - #25 )
INFO  01:44:14,326 - #48 int
INFO  01:44:14,326 - #48 pom
INFO  01:44:14,326 - #23 ;
INFO  01:44:14,326 - #26 {
INFO  01:44:14,326 - #11 if
INFO  01:44:14,326 - #24 (
INFO  01:44:14,327 - #48 inc
INFO  01:44:14,327 - #32 ==
INFO  01:44:14,327 - #48 jedan
INFO  01:44:14,328 - #25 )
INFO  01:44:14,328 - #48 pom
INFO  01:44:14,328 - #21 =
INFO  01:44:14,328 - #47 1
INFO  01:44:14,328 - #23 ;
INFO  01:44:14,329 - #9 else
INFO  01:44:14,329 - #11 if
INFO  01:44:14,329 - #24 (
INFO  01:44:14,329 - #48 inc
INFO  01:44:14,329 - #32 ==
INFO  01:44:14,330 - #47 2
INFO  01:44:14,330 - #25 )
INFO  01:44:14,330 - #48 pom
INFO  01:44:14,330 - #21 =
INFO  01:44:14,330 - #48 a
INFO  01:44:14,330 - #23 ;
INFO  01:44:14,330 - #4 return
INFO  01:44:14,330 - #48 sum
INFO  01:44:14,330 - #24 (
INFO  01:44:14,331 - #48 a
INFO  01:44:14,331 - #22 ,
INFO  01:44:14,331 - #48 pom
INFO  01:44:14,331 - #25 )
INFO  01:44:14,331 - #23 ;
INFO  01:44:14,332 - #27 }
INFO  01:44:14,332 - #48 bool
INFO  01:44:14,332 - #48 verify
INFO  01:44:14,332 - #24 (
INFO  01:44:14,332 - #25 )
INFO  01:44:14,332 - #26 {
INFO  01:44:14,332 - #3 print
INFO  01:44:14,332 - #24 (
INFO  01:44:14,333 - #50 v
INFO  01:44:14,333 - #25 )
INFO  01:44:14,333 - #23 ;
INFO  01:44:14,333 - #4 return
INFO  01:44:14,333 - #49 false
INFO  01:44:14,333 - #23 ;
INFO  01:44:14,333 - #27 }
INFO  01:44:14,333 - #5 void
INFO  01:44:14,333 - #48 main
INFO  01:44:14,334 - #24 (
INFO  01:44:14,334 - #25 )
INFO  01:44:14,334 - #26 {
INFO  01:44:14,334 - #48 i
INFO  01:44:14,334 - #21 =
INFO  01:44:14,334 - #47 0
INFO  01:44:14,334 - #23 ;
INFO  01:44:14,334 - #13 do
INFO  01:44:14,334 - #26 {
INFO  01:44:14,335 - #11 if
INFO  01:44:14,335 - #24 (
INFO  01:44:14,335 - #48 i
INFO  01:44:14,335 - #32 ==
INFO  01:44:14,335 - #47 3
INFO  01:44:14,335 - #25 )
INFO  01:44:14,335 - #26 {
INFO  01:44:14,335 - #48 i
INFO  01:44:14,335 - #40 ++
INFO  01:44:14,335 - #23 ;
INFO  01:44:14,335 - #18 continue
INFO  01:44:14,335 - #23 ;
INFO  01:44:14,335 - #27 }
INFO  01:44:14,337 - #11 if
INFO  01:44:14,337 - #24 (
INFO  01:44:14,337 - #48 i
INFO  01:44:14,337 - #32 ==
INFO  01:44:14,337 - #47 4
INFO  01:44:14,337 - #25 )
INFO  01:44:14,337 - #6 break
INFO  01:44:14,337 - #23 ;
INFO  01:44:14,337 - #48 i
INFO  01:44:14,338 - #21 =
INFO  01:44:14,338 - #48 inkrement
INFO  01:44:14,338 - #24 (
INFO  01:44:14,338 - #48 i
INFO  01:44:14,338 - #22 ,
INFO  01:44:14,338 - #47 1
INFO  01:44:14,338 - #25 )
INFO  01:44:14,338 - #23 ;
INFO  01:44:14,338 - #27 }
INFO  01:44:14,338 - #14 while
INFO  01:44:14,338 - #24 (
INFO  01:44:14,339 - #48 i
INFO  01:44:14,339 - #36 <
INFO  01:44:14,339 - #47 10
INFO  01:44:14,339 - #39 ||
INFO  01:44:14,339 - #48 i
INFO  01:44:14,340 - #34 >
INFO  01:44:14,340 - #47 15
INFO  01:44:14,340 - #25 )
INFO  01:44:14,340 - #23 ;
INFO  01:44:14,340 - #48 i
INFO  01:44:14,340 - #21 =
INFO  01:44:14,340 - #47 5
INFO  01:44:14,340 - #23 ;
INFO  01:44:14,341 - #27 }
INFO  01:44:14,341 - #27 }
